<?xml version="1.0" encoding="UTF-8"?>
<!-- Generated by org.testng.reporters.JUnitXMLReporter -->
<testsuite ignored="0" hostname="LAPTOP-LRF84BSB" failures="0" tests="5" name="Surefire test" time="8.09" errors="0" timestamp="2024-09-24T08:23:04 IST">
  <testcase classname="com.spotify.outh2.tests.PlayListTests" name="shouldNotBeAbleToCreatePlayListWithInvalidToken" time="5.86"/>
  <testcase classname="com.spotify.outh2.tests.PlayListTests" name="shouldNotBeAbleToCreatePlayListWithoutName" time="7.55"/>
  <testcase classname="com.spotify.outh2.tests.PlayListTests" name="shouldBeAbleToGetPlayList" time="7.65"/>
  <testcase classname="com.spotify.outh2.tests.PlayListTests" name="shouldBeAbleToUpdatePlayList" time="7.682"/>
  <testcase classname="com.spotify.outh2.tests.PlayListTests" name="shouldBeAbleToCreatePlayList" time="7.713"/>
</testsuite> <!-- Surefire test -->
