<?xml version="1.0" encoding="UTF-8"?>
<testsuite xmlns:xsi="http://www.w3.org/2001/XMLSchema-instance" xsi:noNamespaceSchemaLocation="https://maven.apache.org/surefire/maven-surefire-plugin/xsd/surefire-test-report.xsd" version="3.0.2" name="TestSuite" time="10.014" tests="5" errors="0" skipped="0" failures="0">
  <properties>
[...]
</properties>
  <testcase name="shouldNotBeAbleToCreatePlayListWithInvalidToken" classname="com.spotify.outh2.tests.PlayListTests" time="5.881">
    <system-out><![CDATA[Method Name:: shouldBeAbleToUpdatePlayList
Method Name:: shouldBeAbleToCreatePlayList
Method Name:: shouldNotBeAbleToCreatePlayListWithoutName
Method Name:: shouldNotBeAbleToCreatePlayListWithInvalidToken
Method Name:: shouldBeAbleToGetPlayList
Thread Id:: 25
Thread Id:: 24
Thread Id:: 28
Thread Id:: 26
Thread Id:: 27
Request method:	POST
Request URI:	https://accounts.spotify.com/api/token
Proxy:			<none>
Request params:	<none>
Query params:	<none>
Form params:	refresh_token=AQBJA5MsXXxYAuIiKdZy69LNA0xt5v-3TDR_G-V1MC9lP3zDt3wnE4DUDNTS-g9okAvEsA9TCH_C8uY2qt6qpPzfKVpV4JO3GRbdMFlJ03H3dHGnW3AqD3oh7iA1m2y9I1Q
				grant_type=refresh_token
				client_secret=b6df6fc3e1b64288a4d636722d282879
				client_id=3464848321e44615a36d9f1dd3862f5e
Path params:	<none>
Headers:		Accept=*/*
				Content-Type=application/x-www-form-urlencoded; charset=ISO-8859-1
Cookies:		<none>
Multiparts:		<none>
Body:			<none>
Request method:	POST
Request URI:	https://api.spotify.com/v1/users/317ya4uxt4bp5mj4x43d52fmcczy/playlists
Proxy:			<none>
Request params:	<none>
Query params:	<none>
Form params:	<none>
Path params:	<none>
Headers:		Accept=*/*
				Content-Type=application/json
Cookies:		<none>
Multiparts:		<none>
Body:
{
    "description": "Ivc,v,P-,PCPUo--C Y ",
    "name": " jX hQ xiB",
    "public": false
}
HTTP/1.1 401 Unauthorized
www-authenticate: Bearer realm="spotify", error="invalid_token", error_description="Invalid access token"
access-control-allow-origin: *
access-control-allow-headers: Accept, App-Platform, Authorization, Content-Type, Origin, Retry-After, Spotify-App-Version, X-Cloud-Trace-Context, client-token, content-access-token
access-control-allow-methods: GET, POST, OPTIONS, PUT, DELETE, PATCH
access-control-allow-credentials: true
access-control-max-age: 604800
content-type: application/json
content-encoding: gzip
strict-transport-security: max-age=31536000
x-content-type-options: nosniff
date: Tue, 24 Sep 2024 02:53:01 GMT
server: envoy
Via: HTTP/2 edgeproxy, 1.1 google
Alt-Svc: h3=":443"; ma=2592000,h3-29=":443"; ma=2592000
Transfer-Encoding: chunked

{
    "error": {
        "status": 401,
        "message": "Invalid access token"
    }
}
]]></system-out>
    <system-err><![CDATA[SLF4J: Failed to load class "org.slf4j.impl.StaticLoggerBinder".
SLF4J: Defaulting to no-operation (NOP) logger implementation
SLF4J: See http://www.slf4j.org/codes.html#StaticLoggerBinder for further details.
]]></system-err>
  </testcase>
  <testcase name="shouldNotBeAbleToCreatePlayListWithoutName" classname="com.spotify.outh2.tests.PlayListTests" time="7.547">
    <system-out><![CDATA[Request method:	POST
Request URI:	https://accounts.spotify.com/api/token
Proxy:			<none>
Request params:	<none>
Query params:	<none>
Form params:	refresh_token=AQBJA5MsXXxYAuIiKdZy69LNA0xt5v-3TDR_G-V1MC9lP3zDt3wnE4DUDNTS-g9okAvEsA9TCH_C8uY2qt6qpPzfKVpV4JO3GRbdMFlJ03H3dHGnW3AqD3oh7iA1m2y9I1Q
				grant_type=refresh_token
				client_secret=b6df6fc3e1b64288a4d636722d282879
				client_id=3464848321e44615a36d9f1dd3862f5e
Path params:	<none>
Headers:		Accept=*/*
				Content-Type=application/x-www-form-urlencoded; charset=ISO-8859-1
Cookies:		<none>
Multiparts:		<none>
Body:			<none>
Token is good to use
Token is good to use
Token is good to use
Request method:	GET
Request URI:	https://api.spotify.com/v1/playlists/5XD69K7hoyaRzuSVkRhl7H
Proxy:			<none>
Request params:	<none>
Query params:	<none>
Form params:	<none>
Path params:	<none>
Headers:		Accept=*/*
				Content-Type=application/json
Cookies:		<none>
Multiparts:		<none>
Body:			<none>
Request method:	PUT
Request URI:	https://api.spotify.com/v1/playlists/1Q2kDqUFrZKBKMFUtirfz3
Proxy:			<none>
Request params:	<none>
Query params:	<none>
Form params:	<none>
Path params:	<none>
Headers:		Accept=*/*
				Content-Type=application/json
Cookies:		<none>
Multiparts:		<none>
Body:
{
    "description": " ,-Aa--iM,- -,J LP,x",
    "name": "Uv uGHEv a",
    "public": false
}
Request method:	POST
Request URI:	https://api.spotify.com/v1/users/317ya4uxt4bp5mj4x43d52fmcczy/playlists
Proxy:			<none>
Request params:	<none>
Query params:	<none>
Form params:	<none>
Path params:	<none>
Headers:		Accept=*/*
				Content-Type=application/json
Cookies:		<none>
Multiparts:		<none>
Body:
{
    "description": "o u B,,hFQTov,-- V,t",
    "name": "",
    "public": false
}
Request method:	POST
Request URI:	https://api.spotify.com/v1/users/317ya4uxt4bp5mj4x43d52fmcczy/playlists
Proxy:			<none>
Request params:	<none>
Query params:	<none>
Form params:	<none>
Path params:	<none>
Headers:		Accept=*/*
				Content-Type=application/json
Cookies:		<none>
Multiparts:		<none>
Body:
{
    "description": "-jdb , l , - sU -pg ",
    "name": "YOqDbv Nhp",
    "public": false
}
HTTP/1.1 400 Bad Request
content-type: application/json; charset=utf-8
cache-control: private, max-age=0
access-control-allow-origin: *
access-control-allow-headers: Accept, App-Platform, Authorization, Content-Type, Origin, Retry-After, Spotify-App-Version, X-Cloud-Trace-Context, client-token, content-access-token
access-control-allow-methods: GET, POST, OPTIONS, PUT, DELETE, PATCH
access-control-allow-credentials: true
access-control-max-age: 604800
content-encoding: gzip
strict-transport-security: max-age=31536000
x-content-type-options: nosniff
date: Tue, 24 Sep 2024 02:53:03 GMT
server: envoy
Via: HTTP/2 edgeproxy, 1.1 google
Alt-Svc: h3=":443"; ma=2592000,h3-29=":443"; ma=2592000
Transfer-Encoding: chunked

{
    "error": {
        "status": 400,
        "message": "Missing required field: name"
    }
}
]]></system-out>
  </testcase>
  <testcase name="shouldBeAbleToGetPlayList" classname="com.spotify.outh2.tests.PlayListTests" time="7.652">
    <system-out><![CDATA[HTTP/1.1 200 OK
content-type: application/json; charset=utf-8
cache-control: public, max-age=0
etag: "MC-IjYyZTAxMjc0NDU3Nzc2MTQ3MmJhNzMxM2E2MTdmNThhIg=="
x-robots-tag: noindex, nofollow
access-control-allow-origin: *
access-control-allow-headers: Accept, App-Platform, Authorization, Content-Type, Origin, Retry-After, Spotify-App-Version, X-Cloud-Trace-Context, client-token, content-access-token
access-control-allow-methods: GET, POST, OPTIONS, PUT, DELETE, PATCH
access-control-allow-credentials: true
access-control-max-age: 604800
content-encoding: gzip
strict-transport-security: max-age=31536000
x-content-type-options: nosniff
date: Tue, 24 Sep 2024 02:53:04 GMT
server: envoy
Via: HTTP/2 edgeproxy, 1.1 google
Alt-Svc: h3=":443"; ma=2592000,h3-29=":443"; ma=2592000
Transfer-Encoding: chunked

{
    "collaborative": false,
    "description": "New playlist description1",
    "external_urls": {
        "spotify": "https://open.spotify.com/playlist/5XD69K7hoyaRzuSVkRhl7H"
    },
    "followers": {
        "href": null,
        "total": 0
    },
    "href": "https://api.spotify.com/v1/playlists/5XD69K7hoyaRzuSVkRhl7H",
    "id": "5XD69K7hoyaRzuSVkRhl7H",
    "images": null,
    "name": "New Playlist",
    "owner": {
        "display_name": "Jugal Patil",
        "external_urls": {
            "spotify": "https://open.spotify.com/user/317ya4uxt4bp5mj4x43d52fmcczy"
        },
        "href": "https://api.spotify.com/v1/users/317ya4uxt4bp5mj4x43d52fmcczy",
        "id": "317ya4uxt4bp5mj4x43d52fmcczy",
        "type": "user",
        "uri": "spotify:user:317ya4uxt4bp5mj4x43d52fmcczy"
    },
    "primary_color": null,
    "public": true,
    "snapshot_id": "AAAAAkhczk+D9GJmGAVITb9QOu+MxlfC",
    "tracks": {
        "href": "https://api.spotify.com/v1/playlists/5XD69K7hoyaRzuSVkRhl7H/tracks?offset=0&limit=0",
        "items": [
            
        ],
        "limit": 0,
        "next": null,
        "offset": 0,
        "previous": null,
        "total": 0
    },
    "type": "playlist",
    "uri": "spotify:playlist:5XD69K7hoyaRzuSVkRhl7H"
}
]]></system-out>
  </testcase>
  <testcase name="shouldBeAbleToUpdatePlayList" classname="com.spotify.outh2.tests.PlayListTests" time="7.682">
    <system-out><![CDATA[HTTP/1.1 200 OK
cache-control: private, max-age=0
x-robots-tag: noindex, nofollow
access-control-allow-origin: *
access-control-allow-headers: Accept, App-Platform, Authorization, Content-Type, Origin, Retry-After, Spotify-App-Version, X-Cloud-Trace-Context, client-token, content-access-token
access-control-allow-methods: GET, POST, OPTIONS, PUT, DELETE, PATCH
access-control-allow-credentials: true
access-control-max-age: 604800
Content-Length: 0
strict-transport-security: max-age=31536000
x-content-type-options: nosniff
date: Tue, 24 Sep 2024 02:53:04 GMT
server: envoy
Via: HTTP/2 edgeproxy, 1.1 google
Alt-Svc: h3=":443"; ma=2592000,h3-29=":443"; ma=2592000
]]></system-out>
  </testcase>
  <testcase name="shouldBeAbleToCreatePlayList" classname="com.spotify.outh2.tests.PlayListTests" time="7.718">
    <system-out><![CDATA[HTTP/1.1 201 Created
content-type: application/json; charset=utf-8
cache-control: private, max-age=0
x-robots-tag: noindex, nofollow
access-control-allow-origin: *
access-control-allow-headers: Accept, App-Platform, Authorization, Content-Type, Origin, Retry-After, Spotify-App-Version, X-Cloud-Trace-Context, client-token, content-access-token
access-control-allow-methods: GET, POST, OPTIONS, PUT, DELETE, PATCH
access-control-allow-credentials: true
access-control-max-age: 604800
content-encoding: gzip
strict-transport-security: max-age=31536000
x-content-type-options: nosniff
date: Tue, 24 Sep 2024 02:53:03 GMT
server: envoy
Via: HTTP/2 edgeproxy, 1.1 google
Alt-Svc: h3=":443"; ma=2592000,h3-29=":443"; ma=2592000
Transfer-Encoding: chunked

{
    "collaborative": false,
    "description": "-jdb , l , - sU -pg ",
    "external_urls": {
        "spotify": "https://open.spotify.com/playlist/0qT6cMJBPyAOIawrmWEIoR"
    },
    "followers": {
        "href": null,
        "total": 0
    },
    "href": "https://api.spotify.com/v1/playlists/0qT6cMJBPyAOIawrmWEIoR",
    "id": "0qT6cMJBPyAOIawrmWEIoR",
    "images": [
        
    ],
    "primary_color": null,
    "name": "YOqDbv Nhp",
    "type": "playlist",
    "uri": "spotify:playlist:0qT6cMJBPyAOIawrmWEIoR",
    "owner": {
        "href": "https://api.spotify.com/v1/users/317ya4uxt4bp5mj4x43d52fmcczy",
        "id": "317ya4uxt4bp5mj4x43d52fmcczy",
        "type": "user",
        "uri": "spotify:user:317ya4uxt4bp5mj4x43d52fmcczy",
        "display_name": null,
        "external_urls": {
            "spotify": "https://open.spotify.com/user/317ya4uxt4bp5mj4x43d52fmcczy"
        }
    },
    "public": false,
    "snapshot_id": "AAAANmXxs7VJMQkq/fgEGCalaBml8wYi",
    "tracks": {
        "limit": 100,
        "next": null,
        "offset": 0,
        "previous": null,
        "href": "https://api.spotify.com/v1/playlists/0qT6cMJBPyAOIawrmWEIoR/tracks",
        "total": 0,
        "items": [
            
        ]
    }
}
]]></system-out>
  </testcase>
</testsuite>