<?xml version="1.0" encoding="UTF-8"?>
<testng-results ignored="0" total="5" passed="5" failed="0" skipped="0">
  <reporter-output>
  </reporter-output>
  <suite started-at="2024-09-24T08:22:56 IST" name="Surefire suite" finished-at="2024-09-24T08:23:04 IST" duration-ms="8090">
    <groups>
    </groups>
    <test started-at="2024-09-24T08:22:56 IST" name="Surefire test" finished-at="2024-09-24T08:23:04 IST" duration-ms="8090">
      <class name="com.spotify.outh2.tests.PlayListTests">
        <test-method is-config="true" signature="beforeMethod(java.lang.reflect.Method)[pri:0, instance:com.spotify.outh2.tests.PlayListTests@6050462a]" started-at="2024-09-24T08:22:56 IST" name="beforeMethod" finished-at="2024-09-24T08:22:56 IST" duration-ms="47" status="PASS">
          <params>
            <param index="0">
              <value>
                <![CDATA[public void com.spotify.outh2.tests.PlayListTests.shouldBeAbleToCreatePlayList()]]>
              </value>
            </param>
          </params>
          <reporter-output>
          </reporter-output>
        </test-method> <!-- beforeMethod -->
        <test-method is-config="true" signature="beforeMethod(java.lang.reflect.Method)[pri:0, instance:com.spotify.outh2.tests.PlayListTests@6050462a]" started-at="2024-09-24T08:22:56 IST" name="beforeMethod" finished-at="2024-09-24T08:22:56 IST" duration-ms="47" status="PASS">
          <params>
            <param index="0">
              <value>
                <![CDATA[public void com.spotify.outh2.tests.PlayListTests.shouldNotBeAbleToCreatePlayListWithInvalidToken()]]>
              </value>
            </param>
          </params>
          <reporter-output>
          </reporter-output>
        </test-method> <!-- beforeMethod -->
        <test-method is-config="true" signature="beforeMethod(java.lang.reflect.Method)[pri:0, instance:com.spotify.outh2.tests.PlayListTests@6050462a]" started-at="2024-09-24T08:22:56 IST" name="beforeMethod" finished-at="2024-09-24T08:22:56 IST" duration-ms="47" status="PASS">
          <params>
            <param index="0">
              <value>
                <![CDATA[public void com.spotify.outh2.tests.PlayListTests.shouldBeAbleToUpdatePlayList()]]>
              </value>
            </param>
          </params>
          <reporter-output>
          </reporter-output>
        </test-method> <!-- beforeMethod -->
        <test-method is-config="true" signature="beforeMethod(java.lang.reflect.Method)[pri:0, instance:com.spotify.outh2.tests.PlayListTests@6050462a]" started-at="2024-09-24T08:22:56 IST" name="beforeMethod" finished-at="2024-09-24T08:22:56 IST" duration-ms="46" status="PASS">
          <params>
            <param index="0">
              <value>
                <![CDATA[public void com.spotify.outh2.tests.PlayListTests.shouldBeAbleToGetPlayList()]]>
              </value>
            </param>
          </params>
          <reporter-output>
          </reporter-output>
        </test-method> <!-- beforeMethod -->
        <test-method is-config="true" signature="beforeMethod(java.lang.reflect.Method)[pri:0, instance:com.spotify.outh2.tests.PlayListTests@6050462a]" started-at="2024-09-24T08:22:56 IST" name="beforeMethod" finished-at="2024-09-24T08:22:56 IST" duration-ms="46" status="PASS">
          <params>
            <param index="0">
              <value>
                <![CDATA[public void com.spotify.outh2.tests.PlayListTests.shouldNotBeAbleToCreatePlayListWithoutName()]]>
              </value>
            </param>
          </params>
          <reporter-output>
          </reporter-output>
        </test-method> <!-- beforeMethod -->
        <test-method signature="shouldNotBeAbleToCreatePlayListWithoutName()[pri:0, instance:com.spotify.outh2.tests.PlayListTests@6050462a]" started-at="2024-09-24T08:22:56 IST" name="shouldNotBeAbleToCreatePlayListWithoutName" finished-at="2024-09-24T08:23:04 IST" duration-ms="7550" status="PASS">
          <reporter-output>
          </reporter-output>
        </test-method> <!-- shouldNotBeAbleToCreatePlayListWithoutName -->
        <test-method signature="shouldNotBeAbleToCreatePlayListWithInvalidToken()[pri:0, instance:com.spotify.outh2.tests.PlayListTests@6050462a]" started-at="2024-09-24T08:22:56 IST" name="shouldNotBeAbleToCreatePlayListWithInvalidToken" finished-at="2024-09-24T08:23:02 IST" duration-ms="5860" status="PASS">
          <reporter-output>
          </reporter-output>
        </test-method> <!-- shouldNotBeAbleToCreatePlayListWithInvalidToken -->
        <test-method signature="shouldBeAbleToGetPlayList()[pri:0, instance:com.spotify.outh2.tests.PlayListTests@6050462a]" started-at="2024-09-24T08:22:56 IST" name="shouldBeAbleToGetPlayList" finished-at="2024-09-24T08:23:04 IST" duration-ms="7650" status="PASS">
          <reporter-output>
          </reporter-output>
        </test-method> <!-- shouldBeAbleToGetPlayList -->
        <test-method signature="shouldBeAbleToCreatePlayList()[pri:0, instance:com.spotify.outh2.tests.PlayListTests@6050462a]" started-at="2024-09-24T08:22:56 IST" name="shouldBeAbleToCreatePlayList" description="Should Be Able To Create PlayList" finished-at="2024-09-24T08:23:04 IST" duration-ms="7713" status="PASS">
          <reporter-output>
          </reporter-output>
        </test-method> <!-- shouldBeAbleToCreatePlayList -->
        <test-method signature="shouldBeAbleToUpdatePlayList()[pri:0, instance:com.spotify.outh2.tests.PlayListTests@6050462a]" started-at="2024-09-24T08:22:56 IST" name="shouldBeAbleToUpdatePlayList" finished-at="2024-09-24T08:23:04 IST" duration-ms="7682" status="PASS">
          <reporter-output>
          </reporter-output>
        </test-method> <!-- shouldBeAbleToUpdatePlayList -->
      </class> <!-- com.spotify.outh2.tests.PlayListTests -->
    </test> <!-- Surefire test -->
  </suite> <!-- Surefire suite -->
</testng-results>
